<?xml version="1.0" encoding="UTF-8"?>
<!-- Generated by org.testng.reporters.JUnitReportReporter -->
<testsuite hostname="DESKTOP-N73IAD5" failures="0" tests="7" name="testRunner.TestRunner" time="103.567" errors="0" timestamp="2021-08-08T17:25:16 IST" skipped="0">
  <testcase classname="testRunner.TestRunner" name="runScenario" time="29.307"/>
  <system-out/>
  <testcase classname="testRunner.TestRunner" name="runScenario" time="11.507"/>
  <system-out/>
  <testcase classname="testRunner.TestRunner" name="runScenario" time="12.503"/>
  <system-out/>
  <testcase classname="testRunner.TestRunner" name="runScenario" time="12.079"/>
  <system-out/>
  <testcase classname="testRunner.TestRunner" name="runScenario" time="11.332"/>
  <system-out/>
  <testcase classname="testRunner.TestRunner" name="runScenario" time="13.676"/>
  <system-out/>
  <testcase classname="testRunner.TestRunner" name="runScenario" time="13.163"/>
  <system-out/>
</testsuite> <!-- testRunner.TestRunner -->
