<?xml version="1.0" encoding="UTF-8"?>
<!-- Generated by org.testng.reporters.JUnitReportReporter -->
<testsuite hostname="DESKTOP-N73IAD5" failures="0" tests="6" name="features.TestRunner" time="94.624" errors="3" timestamp="2021-08-08T09:39:51 IST" skipped="0">
  <testcase classname="features.TestRunner" name="runScenario" time="12.739">
    <error type="java.lang.NullPointerException">
      <![CDATA[java.lang.NullPointerException
at features.Omayo2.teardown(Omayo2.java:73)
]]>
    </error>
  </testcase> <!-- runScenario -->
  <system-out/>
  <testcase classname="features.TestRunner" name="runScenario" time="18.898"/>
  <system-out/>
  <testcase classname="features.TestRunner" name="runScenario" time="17.180">
    <error type="java.lang.NullPointerException">
      <![CDATA[java.lang.NullPointerException
at features.Omayo2.teardown(Omayo2.java:73)
]]>
    </error>
  </testcase> <!-- runScenario -->
  <system-out/>
  <testcase classname="features.TestRunner" name="runScenario" time="15.631"/>
  <system-out/>
  <testcase classname="features.TestRunner" name="runScenario" time="19.124"/>
  <system-out/>
  <testcase classname="features.TestRunner" name="runScenario" time="11.052">
    <error type="java.lang.NullPointerException">
      <![CDATA[java.lang.NullPointerException
at features.Omayo2.teardown(Omayo2.java:73)
]]>
    </error>
  </testcase> <!-- runScenario -->
  <system-out/>
</testsuite> <!-- features.TestRunner -->
