<?xml version="1.0" encoding="UTF-8"?>
<!-- Generated by org.testng.reporters.JUnitReportReporter -->
<testsuite hostname="DESKTOP-N73IAD5" failures="0" tests="7" name="testRunner.TestRunner" time="171.423" errors="0" timestamp="2021-08-11T08:47:44 IST" skipped="0">
  <testcase classname="testRunner.TestRunner" name="runScenario" time="47.330"/>
  <system-out/>
  <testcase classname="testRunner.TestRunner" name="runScenario" time="18.760"/>
  <system-out/>
  <testcase classname="testRunner.TestRunner" name="runScenario" time="20.132"/>
  <system-out/>
  <testcase classname="testRunner.TestRunner" name="runScenario" time="21.551"/>
  <system-out/>
  <testcase classname="testRunner.TestRunner" name="runScenario" time="19.369"/>
  <system-out/>
  <testcase classname="testRunner.TestRunner" name="runScenario" time="22.017"/>
  <system-out/>
  <testcase classname="testRunner.TestRunner" name="runScenario" time="22.264"/>
  <system-out/>
</testsuite> <!-- testRunner.TestRunner -->
